<?xml version="1.0" encoding="UTF-8"?>
<!-- Generated by org.testng.reporters.JUnitReportReporter -->
<testsuite hostname="LAPTOP-B8GN0GEK" failures="0" tests="4" name="com.yolo.api.test.suite.invoker.PostAndUpdateTestCases" time="10.188" errors="0" timestamp="14 Nov 2021 21:45:06 GMT" skipped="0">
  <testcase classname="com.yolo.api.test.suite.invoker.PostAndUpdateTestCases" name="postCreateUser" time="3.937"/>
  <testcase classname="com.yolo.api.test.suite.invoker.PostAndUpdateTestCases" name="putUpdateUser" time="2.070"/>
  <testcase classname="com.yolo.api.test.suite.invoker.PostAndUpdateTestCases" name="addUserPost" time="2.248"/>
  <testcase classname="com.yolo.api.test.suite.invoker.PostAndUpdateTestCases" name="addUserTodo" time="1.933"/>
</testsuite> <!-- com.yolo.api.test.suite.invoker.PostAndUpdateTestCases -->
