<?xml version="1.0" encoding="UTF-8"?>
<!-- Generated by org.testng.reporters.JUnitReportReporter -->
<testsuite hostname="LAPTOP-B8GN0GEK" failures="0" tests="4" name="com.yolo.api.test.suite.invoker.GetTestCases" time="8.373" errors="0" timestamp="14 Nov 2021 21:45:06 GMT" skipped="0">
  <testcase classname="com.yolo.api.test.suite.invoker.GetTestCases" name="getListOfUsers" time="2.243"/>
  <testcase classname="com.yolo.api.test.suite.invoker.GetTestCases" name="getListOfPosts" time="2.042"/>
  <testcase classname="com.yolo.api.test.suite.invoker.GetTestCases" name="getListOfTodos" time="1.942"/>
  <testcase classname="com.yolo.api.test.suite.invoker.GetTestCases" name="getListOfComments" time="2.146"/>
</testsuite> <!-- com.yolo.api.test.suite.invoker.GetTestCases -->
