<?xml version="1.0" encoding="UTF-8"?>
<!-- Generated by org.testng.reporters.JUnitReportReporter -->
<testsuite hostname="LAPTOP-B8GN0GEK" failures="0" tests="2" name="com.yolo.api.test.suite.invoker.PostTestCases" time="2.355" errors="0" timestamp="11 Nov 2021 18:39:17 GMT" skipped="0">
  <testcase classname="com.yolo.api.test.suite.invoker.PostTestCases" name="postCreateUser" time="2.354"/>
  <testcase classname="com.yolo.api.test.suite.invoker.PostTestCases" name="putUpdateUser" time="0.001"/>
</testsuite> <!-- com.yolo.api.test.suite.invoker.PostTestCases -->
