<?xml version="1.0" encoding="UTF-8"?>
<!-- Generated by org.testng.reporters.JUnitReportReporter -->
<testsuite hostname="LAPTOP-B8GN0GEK" failures="0" tests="1" name="com.yolo.api.test.suite.invoker.GetTestCases" time="0.000" errors="0" timestamp="14 Nov 2021 19:57:27 GMT" skipped="0">
  <testcase classname="com.yolo.api.test.suite.invoker.GetTestCases" name="getListOfPosts" time="0.000"/>
</testsuite> <!-- com.yolo.api.test.suite.invoker.GetTestCases -->
